[ 2016-08-01T10:20:19+08:00 ] ::1 /item/blog/index.php/Admin/Comment/index.html
ERR: 无法加载控制器:Comment

[ 2016-08-01T10:28:36+08:00 ] ::1 /item/blog/index.php/Admin/Login/logout.html
ERR: 非法操作:logout

[ 2016-08-01T10:37:39+08:00 ] ::1 /item/blog/index.php/Admin/Config/index.html
ERR: 无法加载控制器:Config

[ 2016-08-01T10:54:20+08:00 ] ::1 /item/blog/index.php/Admin/Tag/add.html
ERR: 无法加载控制器:Tag

[ 2016-08-01T10:54:21+08:00 ] ::1 /item/blog/index.php/Admin/Tag/index.html
ERR: 无法加载控制器:Tag

[ 2016-08-01T11:11:07+08:00 ] ::1 /item/blog/index.php/Admin/Comment/index.html
ERR: 无法加载控制器:Comment

[ 2016-08-01T11:11:07+08:00 ] ::1 /item/blog/index.php/Admin/Recycle/article.html
ERR: 无法加载控制器:Recycle

[ 2016-08-01T11:11:11+08:00 ] ::1 /item/blog/index.php/Admin/Config/index.html
ERR: 无法加载控制器:Config

[ 2016-08-01T11:11:16+08:00 ] ::1 /item/blog/index.php/Admin/Login/logout.html
ERR: 非法操作:logout

[ 2016-08-01T11:11:19+08:00 ] ::1 /item/blog/index.php/Admin/Config/index.html
ERR: 无法加载控制器:Config

[ 2016-08-01T11:15:34+08:00 ] ::1 /item/blog/index.php/Admin/Recycle/article.html
ERR: 无法加载控制器:Recycle

[ 2016-08-01T11:17:20+08:00 ] ::1 /item/blog/index.php/Admin/Recycle/article.html
ERR: 无法加载控制器:Recycle

[ 2016-08-01T11:20:24+08:00 ] ::1 /item/blog/index.php/Admin/Recycle/article.html
ERR: 无法加载控制器:Recycle

[ 2016-08-01T11:20:25+08:00 ] ::1 /item/blog/index.php/Admin/Recycle/article.html
ERR: 无法加载控制器:Recycle

[ 2016-08-01T11:20:26+08:00 ] ::1 /item/blog/index.php/Admin/Recycle/article.html
ERR: 无法加载控制器:Recycle

[ 2016-08-01T11:20:27+08:00 ] ::1 /item/blog/index.php/Admin/Recycle/article.html
ERR: 无法加载控制器:Recycle

[ 2016-08-01T11:20:27+08:00 ] ::1 /item/blog/index.php/Admin/Recycle/article.html
ERR: 无法加载控制器:Recycle

[ 2016-08-01T11:20:28+08:00 ] ::1 /item/blog/index.php/Admin/Recycle/article.html
ERR: 无法加载控制器:Recycle

[ 2016-08-01T11:20:28+08:00 ] ::1 /item/blog/index.php/Admin/Recycle/article.html
ERR: 无法加载控制器:Recycle

[ 2016-08-01T11:20:28+08:00 ] ::1 /item/blog/index.php/Admin/Recycle/article.html
ERR: 无法加载控制器:Recycle

[ 2016-08-01T11:20:28+08:00 ] ::1 /item/blog/index.php/Admin/Recycle/article.html
ERR: 无法加载控制器:Recycle

[ 2016-08-01T11:20:28+08:00 ] ::1 /item/blog/index.php/Admin/Recycle/article.html
ERR: 无法加载控制器:Recycle

[ 2016-08-01T11:21:11+08:00 ] ::1 /item/blog/index.php/Admin/Recycle/article.html
ERR: 无法加载控制器:Recycle

[ 2016-08-01T11:21:12+08:00 ] ::1 /item/blog/index.php/Admin/Recycle/article.html
ERR: 无法加载控制器:Recycle

[ 2016-08-01T11:21:13+08:00 ] ::1 /item/blog/index.php/Admin/Recycle/article.html
ERR: 无法加载控制器:Recycle

[ 2016-08-01T11:21:13+08:00 ] ::1 /item/blog/index.php/Admin/Recycle/article.html
ERR: 无法加载控制器:Recycle

[ 2016-08-01T11:21:13+08:00 ] ::1 /item/blog/index.php/Admin/Recycle/article.html
ERR: 无法加载控制器:Recycle

[ 2016-08-01T11:21:13+08:00 ] ::1 /item/blog/index.php/Admin/Recycle/article.html
ERR: 无法加载控制器:Recycle

[ 2016-08-01T11:21:14+08:00 ] ::1 /item/blog/index.php/Admin/Recycle/article.html
ERR: 无法加载控制器:Recycle

[ 2016-08-01T11:21:14+08:00 ] ::1 /item/blog/index.php/Admin/Recycle/article.html
ERR: 无法加载控制器:Recycle

[ 2016-08-01T11:21:14+08:00 ] ::1 /item/blog/index.php/Admin/Recycle/article.html
ERR: 无法加载控制器:Recycle

[ 2016-08-01T11:21:14+08:00 ] ::1 /item/blog/index.php/Admin/Recycle/article.html
ERR: 无法加载控制器:Recycle

[ 2016-08-01T11:21:14+08:00 ] ::1 /item/blog/index.php/Admin/Recycle/article.html
ERR: 无法加载控制器:Recycle

[ 2016-08-01T11:21:14+08:00 ] ::1 /item/blog/index.php/Admin/Recycle/article.html
ERR: 无法加载控制器:Recycle

[ 2016-08-01T11:21:15+08:00 ] ::1 /item/blog/index.php/Admin/Recycle/article.html
ERR: 无法加载控制器:Recycle

[ 2016-08-01T11:21:15+08:00 ] ::1 /item/blog/index.php/Admin/Recycle/article.html
ERR: 无法加载控制器:Recycle

[ 2016-08-01T11:21:15+08:00 ] ::1 /item/blog/index.php/Admin/Recycle/article.html
ERR: 无法加载控制器:Recycle

[ 2016-08-01T11:24:54+08:00 ] ::1 /item/blog/index.php/Admin/Recycle/article.html
ERR: 模板不存在:./Application/Admin/View/Recycle/article.html

[ 2016-08-01T11:25:24+08:00 ] ::1 /item/blog/index.php/Admin/Recycle/article.html
ERR: 模板不存在:./Application/Admin/View/Recycle/article.html

[ 2016-08-01T11:26:53+08:00 ] ::1 /item/blog/index.php/Admin/Recycle/article.html
ERR: 模板不存在:./Application/Admin/View/Recycle/article.html

[ 2016-08-01T11:26:56+08:00 ] ::1 /item/blog/index.php/Admin/Recycle/article.html
ERR: 模板不存在:./Application/Admin/View/Recycle/article.html

[ 2016-08-01T11:26:58+08:00 ] ::1 /item/blog/index.php/Admin/Recycle/article.html
ERR: 模板不存在:./Application/Admin/View/Recycle/article.html

[ 2016-08-01T11:26:59+08:00 ] ::1 /item/blog/index.php/Admin/Recycle/article.html
ERR: 模板不存在:./Application/Admin/View/Recycle/article.html

[ 2016-08-01T11:26:59+08:00 ] ::1 /item/blog/index.php/Admin/Recycle/article.html
ERR: 模板不存在:./Application/Admin/View/Recycle/article.html

[ 2016-08-01T11:26:59+08:00 ] ::1 /item/blog/index.php/Admin/Recycle/article.html
ERR: 模板不存在:./Application/Admin/View/Recycle/article.html

[ 2016-08-01T11:26:59+08:00 ] ::1 /item/blog/index.php/Admin/Recycle/article.html
ERR: 模板不存在:./Application/Admin/View/Recycle/article.html

[ 2016-08-01T13:56:13+08:00 ] ::1 /item/blog/index.php/Admin/Tag/index.html
ERR: 无法加载控制器:Tag

[ 2016-08-01T14:01:52+08:00 ] ::1 /item/blog/index.php/Admin/Recycle/article.html
ERR: SQLSTATE[42S22]: Column not found: 1054 Unknown column 'cname' in 'field list'

[ 2016-08-01T14:01:55+08:00 ] ::1 /item/blog/index.php/Admin/Recycle/article.html
ERR: SQLSTATE[42S22]: Column not found: 1054 Unknown column 'cname' in 'field list'

[ 2016-08-01T14:07:16+08:00 ] ::1 /item/blog/index.php/Admin/Recycle/recover/table_name/Article/id_name/aid/id_number/28.html
ERR: 非法操作:recover

[ 2016-08-01T14:56:29+08:00 ] ::1 /item/blog/index.php/Admin/Comment/index.html
ERR: 无法加载控制器:Comment

[ 2016-08-01T14:56:32+08:00 ] ::1 /item/blog/index.php/Admin/Recycle/chat.html
ERR: 非法操作:chat

[ 2016-08-01T14:56:33+08:00 ] ::1 /item/blog/index.php/Admin/Recycle/comment.html
ERR: SQLSTATE[42S22]: Column not found: 1054 Unknown column 'c.comment' in 'field list'

[ 2016-08-01T14:56:36+08:00 ] ::1 /item/blog/index.php/Admin/Recycle/comment.html
ERR: SQLSTATE[42S22]: Column not found: 1054 Unknown column 'c.comment' in 'field list'

[ 2016-08-01T15:02:15+08:00 ] ::1 /item/blog/index.php/Admin/Recycle/comment.html
ERR: SQLSTATE[23000]: Integrity constraint violation: 1052 Column 'is_delete' in where clause is ambiguous

[ 2016-08-01T15:03:29+08:00 ] ::1 /item/blog/index.php/Admin/Comment/index.html
ERR: 无法加载控制器:Comment

[ 2016-08-01T15:08:18+08:00 ] ::1 /item/blog/index.php/Admin/Recyle/comment.html
ERR: 无法加载控制器:Recyle

[ 2016-08-01T15:10:02+08:00 ] ::1 /item/blog/index.php/Admin/Recycle/recovercomment/cmtid/6.html
ERR: 非法操作:recovercomment

[ 2016-08-01T15:17:30+08:00 ] ::1 /item/blog/index.php/Admin/Comment/index.html
ERR: 无法加载控制器:Comment

[ 2016-08-01T15:17:36+08:00 ] ::1 /item/blog/index.php/Admin/Config/index.html
ERR: 无法加载控制器:Config

[ 2016-08-01T16:20:08+08:00 ] ::1 /item/blog/index.php/ADMIN/particulars/index/id/2.html
ERR: 无法加载控制器:Particulars

[ 2016-08-01T16:20:18+08:00 ] ::1 /item/blog/index.php/ADMIN/
ERR: 无法加载控制器:Index

[ 2016-08-01T16:52:58+08:00 ] ::1 /item/blog/index.php/Admin/Config/index.html
ERR: 无法加载控制器:Config

[ 2016-08-01T17:02:50+08:00 ] ::1 /item/blog/index.php/Admin/Config/index.html
ERR: 无法加载控制器:Config

[ 2016-08-01T17:04:29+08:00 ] ::1 /item/blog/index.php/Admin/Config/index.html
ERR: 无法加载控制器:Config

[ 2016-08-01T18:10:24+08:00 ] ::1 /blog/index.php/Admin/Config/index.html
ERR: 无法加载控制器:Config

[ 2016-08-01T18:21:36+08:00 ] ::1 /blog/index.php/Admin/Config/index.html
ERR: 无法加载控制器:Config

[ 2016-08-01T18:21:37+08:00 ] ::1 /blog/index.php/Admin/Link/index.html
ERR: 无法加载控制器:Link

[ 2016-08-01T18:21:42+08:00 ] ::1 /blog/index.php/Admin/Link/add.html
ERR: 无法加载控制器:Link

[ 2016-08-01T18:21:43+08:00 ] ::1 /blog/index.php/Admin/Link/index.html
ERR: 无法加载控制器:Link

[ 2016-08-01T18:25:58+08:00 ] ::1 /blog/index.php/Admin/Config/index.html
ERR: 无法加载控制器:Config

[ 2016-08-01T18:38:23+08:00 ] ::1 /blog/index.php/Admin/Link/add.html
ERR: 无法加载控制器:Link

[ 2016-08-01T18:38:56+08:00 ] ::1 /blog/index.php/Admin/Link/add.html
ERR: 无法加载控制器:Link

[ 2016-08-01T18:38:58+08:00 ] ::1 /blog/index.php/Admin/Config/index.html
ERR: 无法加载控制器:Config

[ 2016-08-01T18:39:00+08:00 ] ::1 /blog/index.php/Admin/Config/index.html
ERR: 无法加载控制器:Config

[ 2016-08-01T18:51:36+08:00 ] ::1 /blog/index.php/Admin/Link/index.html
ERR: 无法加载控制器:Link

[ 2016-08-01T18:52:13+08:00 ] ::1 /blog/index.php/Admin/Link/index.html
ERR: 无法加载控制器:Link

[ 2016-08-01T18:52:13+08:00 ] ::1 /blog/index.php/Admin/Link/index.html
ERR: 无法加载控制器:Link

[ 2016-08-01T18:52:20+08:00 ] ::1 /blog/index.php/Admin/Config/index.html
ERR: 无法加载控制器:Config

[ 2016-08-01T18:55:20+08:00 ] ::1 /blog/index.php/Admin/Config/index.html
ERR: 无法加载控制器:Config

[ 2016-08-01T19:04:32+08:00 ] ::1 /blog/index.php/Admin/Config/index.html
ERR: 无法加载控制器:Config

[ 2016-08-01T19:04:34+08:00 ] ::1 /blog/index.php/Admin/Link/add.html
ERR: 无法加载控制器:Link

[ 2016-08-01T19:04:57+08:00 ] ::1 /blog/index.php/Admin/Config/index.html
ERR: 无法加载控制器:Config

[ 2016-08-01T19:14:34+08:00 ] ::1 /blog/index.php/Admin/Config/index.html
ERR: 无法加载控制器:Config

[ 2016-08-01T19:15:05+08:00 ] ::1 /blog/index.php/Admin/Tag/index.html
ERR: 无法加载控制器:Tag

[ 2016-08-01T19:15:08+08:00 ] ::1 /blog/index.php/Admin/Config/index.html
ERR: 无法加载控制器:Config

[ 2016-08-01T19:16:45+08:00 ] ::1 /blog/index.php/Admin/Tag/add.html
ERR: 无法加载控制器:Tag

[ 2016-08-01T19:16:46+08:00 ] ::1 /blog/index.php/Admin/Config/index.html
ERR: 无法加载控制器:Config

[ 2016-08-01T19:20:44+08:00 ] ::1 /blog/index.php/Admin/Config/index.html
ERR: 无法加载控制器:Config

[ 2016-08-01T19:37:14+08:00 ] ::1 /blog/index.php/Admin/Config/index.html
ERR: 无法加载控制器:Config

[ 2016-08-01T19:37:44+08:00 ] ::1 /blog/index.php/Admin/Tag/add.html
ERR: 无法加载控制器:Tag

[ 2016-08-01T19:37:46+08:00 ] ::1 /blog/index.php/Admin/Config/index.html
ERR: 无法加载控制器:Config

[ 2016-08-01T19:38:16+08:00 ] ::1 /blog/index.php/Admin/Config/index.html
ERR: 无法加载控制器:Config

[ 2016-08-01T19:38:57+08:00 ] ::1 /blog/index.php/Admin/Config/index.html
ERR: 无法加载控制器:Config

[ 2016-08-01T19:50:36+08:00 ] ::1 /blog/index.php/Admin/Config/index.html
ERR: 无法加载控制器:Config

[ 2016-08-01T19:53:23+08:00 ] ::1 /blog/index.php/Admin/Config/index.html
ERR: 无法加载控制器:Config

[ 2016-08-01T20:03:15+08:00 ] ::1 /blog/index.php/Admin/Tag/add.html
ERR: 无法加载控制器:Tag

[ 2016-08-01T20:03:17+08:00 ] ::1 /blog/index.php/Admin/Config/index.html
ERR: 无法加载控制器:Config

[ 2016-08-01T20:22:46+08:00 ] ::1 /blog/index.php/Admin/Config/index.html
ERR: 无法加载控制器:Config

[ 2016-08-01T20:37:09+08:00 ] ::1 /blog/index.php/Admin/Tag/add.html
ERR: 无法加载控制器:Tag

[ 2016-08-01T20:37:10+08:00 ] ::1 /blog/index.php/Admin/Tag/index.html
ERR: 无法加载控制器:Tag

[ 2016-08-01T20:37:12+08:00 ] ::1 /blog/index.php/Admin/Config/index.html
ERR: 无法加载控制器:Config

[ 2016-08-01T21:18:07+08:00 ] ::1 /blog/index.php/Admin/Config/index.html
ERR: 无法加载控制器:Config

[ 2016-08-01T21:27:51+08:00 ] ::1 /blog/index.php/Admin/Config/index.html
ERR: 无法加载控制器:Config

[ 2016-08-01T21:28:33+08:00 ] ::1 /blog/index.php/Admin/Config/index.html
ERR: 无法加载控制器:Config

[ 2016-08-01T21:38:34+08:00 ] ::1 /blog/index.php/Admin/Config/index.html
ERR: 无法加载控制器:Config

[ 2016-08-01T21:44:17+08:00 ] ::1 /blog/index.php/Admin/Config/index.html
ERR: 无法加载控制器:Config

[ 2016-08-01T21:55:26+08:00 ] ::1 /blog/index.php/Admin/Config/index.html
ERR: 无法加载控制器:Config

[ 2016-08-01T21:55:37+08:00 ] ::1 /blog/index.php/Admin/Rbac/setAccess.html
ERR: SQLSTATE[21S01]: Insert value list does not match column list: 1136 Column count doesn't match value count at row 1

[ 2016-08-01T21:57:10+08:00 ] ::1 /blog/index.php/Admin/Config/index.html
ERR: 无法加载控制器:Config

[ 2016-08-01T21:57:14+08:00 ] ::1 /blog/index.php/Admin/Rbac/setAccess.html
ERR: SQLSTATE[21S01]: Insert value list does not match column list: 1136 Column count doesn't match value count at row 1

[ 2016-08-01T21:59:15+08:00 ] ::1 /blog/index.php/Admin/Rbac/setAccess.html
ERR: SQLSTATE[21S01]: Insert value list does not match column list: 1136 Column count doesn't match value count at row 1

[ 2016-08-01T22:04:58+08:00 ] ::1 /blog/index.php/Admin/Rbac/setAccess.html
ERR: SQLSTATE[21S01]: Insert value list does not match column list: 1136 Column count doesn't match value count at row 1

[ 2016-08-01T22:05:44+08:00 ] ::1 /blog/index.php/Admin/Config/index.html
ERR: 无法加载控制器:Config

[ 2016-08-01T22:07:07+08:00 ] ::1 /blog/index.php/Admin/Rbac/setAccess.html
ERR: SQLSTATE[HY000]: General error: 1364 Field 'role_id' doesn't have a default value

[ 2016-08-01T22:10:17+08:00 ] ::1 /blog/index.php/Admin/Config/index.html
ERR: 无法加载控制器:Config

[ 2016-08-01T22:10:50+08:00 ] ::1 /blog/index.php/Admin/Config/index.html
ERR: 无法加载控制器:Config

[ 2016-08-01T22:24:25+08:00 ] ::1 /blog/index.php/Admin/Config/index.html
ERR: 无法加载控制器:Config

[ 2016-08-01T22:27:45+08:00 ] ::1 /blog/index.php/Admin/Config/index.html
ERR: 无法加载控制器:Config

[ 2016-08-01T22:29:55+08:00 ] ::1 /blog/index.php/Admin/Config/index.html
ERR: 无法加载控制器:Config

[ 2016-08-01T22:42:03+08:00 ] ::1 /blog/index.php/Admin/Config/index.html
ERR: 无法加载控制器:Config

[ 2016-08-01T22:46:37+08:00 ] ::1 /blog/index.php/Admin/Rbac/access/rid/1.html
ERR: XML标签语法错误 : condition=$app['access']

[ 2016-08-01T22:47:54+08:00 ] ::1 /blog/index.php/Admin/Config/index.html
ERR: 无法加载控制器:Config

[ 2016-08-01T22:48:20+08:00 ] ::1 /blog/index.php/Admin/Config/index.html
ERR: 无法加载控制器:Config

[ 2016-08-01T22:55:29+08:00 ] ::1 /blog/index.php/Admin/Config/change_password.html
ERR: 无法加载控制器:Config

[ 2016-08-01T22:56:07+08:00 ] ::1 /blog/index.php/Admin/Config/index.html
ERR: 无法加载控制器:Config

[ 2016-08-01T22:56:11+08:00 ] ::1 /blog/index.php/Admin/Config/index.html
ERR: 无法加载控制器:Config

[ 2016-08-01T23:04:22+08:00 ] ::1 /blog/index.php/Admin/Config/index.html
ERR: 无法加载控制器:Config

[ 2016-08-01T23:18:28+08:00 ] ::1 /blog/index.php/Admin/Config/index.html
ERR: 无法加载控制器:Config

[ 2016-08-01T23:23:40+08:00 ] ::1 /blog/index.php/Admin/Config/index.html
ERR: 无法加载控制器:Config

[ 2016-08-01T23:23:47+08:00 ] ::1 /blog/index.php/Admin/Admin/addUserHandle.html
ERR: 非法操作:addUserHandle

[ 2016-08-01T23:39:18+08:00 ] ::1 /blog/index.php/Admin/Config/index.html
ERR: 无法加载控制器:Config

[ 2016-08-01T23:49:31+08:00 ] ::1 /blog/index.php/Admin/Rbac/index.html
ERR: SQLSTATE[42S02]: Base table or view not found: 1146 Table 'blog_js.blog_admin_relation' doesn't exist

[ 2016-08-01T23:49:34+08:00 ] ::1 /blog/index.php/Admin/Rbac/index.html
ERR: SQLSTATE[42S02]: Base table or view not found: 1146 Table 'blog_js.blog_admin_relation' doesn't exist

[ 2016-08-01T23:49:35+08:00 ] ::1 /blog/index.php/Admin/Rbac/index.html
ERR: SQLSTATE[42S02]: Base table or view not found: 1146 Table 'blog_js.blog_admin_relation' doesn't exist

[ 2016-08-01T23:50:34+08:00 ] ::1 /blog/index.php/Admin/Rbac/index.html
ERR: SQLSTATE[42S02]: Base table or view not found: 1146 Table 'blog_js.blog_admin_relation' doesn't exist

[ 2016-08-01T23:52:34+08:00 ] ::1 /blog/index.php/Admin/Rbac/index.html
ERR: SQLSTATE[42S02]: Base table or view not found: 1146 Table 'blog_js.blog_admin_relation' doesn't exist

