[ 2016-08-02T01:12:48+08:00 ] ::1 /blog/Uploads/aimg/1469762132_7.jpg
ERR: 无法加载模块:Uploads

[ 2016-08-02T01:12:50+08:00 ] ::1 /blog/Uploads/aimg/1469774577_9.jpg
ERR: 无法加载模块:Uploads

[ 2016-08-02T01:12:50+08:00 ] ::1 /blog/Uploads/aimg/1469774687_3.jpg
ERR: 无法加载模块:Uploads

[ 2016-08-02T09:08:02+08:00 ] ::1 /blog/Uploads/aimg/1469762132_7.jpg
ERR: 无法加载模块:Uploads

[ 2016-08-02T09:08:02+08:00 ] ::1 /blog/Uploads/aimg/1469774577_9.jpg
ERR: 无法加载模块:Uploads

[ 2016-08-02T09:08:02+08:00 ] ::1 /blog/Uploads/aimg/1469774687_3.jpg
ERR: 无法加载模块:Uploads

[ 2016-08-02T10:09:41+08:00 ] ::1 /blog/Uploads/aimg/1469762132_7.jpg
ERR: 无法加载模块:Uploads

[ 2016-08-02T10:09:41+08:00 ] ::1 /blog/Uploads/aimg/1469774577_9.jpg
ERR: 无法加载模块:Uploads

[ 2016-08-02T10:09:42+08:00 ] ::1 /blog/Uploads/aimg/1469774687_3.jpg
ERR: 无法加载模块:Uploads

[ 2016-08-02T14:26:46+08:00 ] ::1 /app/item/blog/Uploads/aimg/1469762132_7.jpg
ERR: 无法加载模块:Uploads

[ 2016-08-02T14:26:46+08:00 ] ::1 /app/item/blog/Uploads/aimg/1469774577_9.jpg
ERR: 无法加载模块:Uploads

[ 2016-08-02T14:26:46+08:00 ] ::1 /app/item/blog/Uploads/aimg/1469774687_3.jpg
ERR: 无法加载模块:Uploads

[ 2016-08-02T15:23:19+08:00 ] ::1 /app/item/blog/Public/js/jquery.min.map
ERR: 无法加载模块:Public

[ 2016-08-02T17:17:25+08:00 ] ::1 /app/item/blog/Uploads/aimg/1469774577_9.jpg
ERR: 无法加载模块:Uploads

[ 2016-08-02T17:17:25+08:00 ] ::1 /app/item/blog/Uploads/aimg/1469762132_7.jpg
ERR: 无法加载模块:Uploads

[ 2016-08-02T17:17:25+08:00 ] ::1 /app/item/blog/Uploads/aimg/1469774687_3.jpg
ERR: 无法加载模块:Uploads

