[ 2016-07-29T14:34:49+08:00 ] ::1 /item/blog/Uploads/aimg/1469762132_7.jpg
ERR: 无法加载模块:Uploads

[ 2016-07-29T14:58:04+08:00 ] ::1 /item/blog/Uploads/aimg/1469762132_7.jpg
ERR: 无法加载模块:Uploads

[ 2016-07-29T14:58:04+08:00 ] ::1 /item/blog/Uploads/aimg/1469774577_9.jpg
ERR: 无法加载模块:Uploads

[ 2016-07-29T14:58:04+08:00 ] ::1 /item/blog/Uploads/aimg/1469774687_3.jpg
ERR: 无法加载模块:Uploads

[ 2016-07-29T14:58:04+08:00 ] ::1 /item/blog/Uploads/aimg/1469774862_8.png
ERR: 无法加载模块:Uploads

[ 2016-07-29T14:58:04+08:00 ] ::1 /item/blog/Uploads/aimg/1469775234_2.jpg
ERR: 无法加载模块:Uploads

[ 2016-07-29T14:58:23+08:00 ] ::1 /item/blog/Uploads/aimg/1469762132_7.jpg
ERR: 无法加载模块:Uploads

[ 2016-07-29T14:58:23+08:00 ] ::1 /item/blog/Uploads/aimg/1469774577_9.jpg
ERR: 无法加载模块:Uploads

[ 2016-07-29T14:58:23+08:00 ] ::1 /item/blog/Uploads/aimg/1469774687_3.jpg
ERR: 无法加载模块:Uploads

[ 2016-07-29T14:58:23+08:00 ] ::1 /item/blog/Uploads/aimg/1469774862_8.png
ERR: 无法加载模块:Uploads

[ 2016-07-29T14:58:23+08:00 ] ::1 /item/blog/Uploads/aimg/1469775234_2.jpg
ERR: 无法加载模块:Uploads

[ 2016-07-29T15:00:07+08:00 ] ::1 /item/blog/Uploads/aimg/1469762132_7.jpg
ERR: 无法加载模块:Uploads

[ 2016-07-29T15:00:07+08:00 ] ::1 /item/blog/Uploads/aimg/1469774687_3.jpg
ERR: 无法加载模块:Uploads

[ 2016-07-29T15:00:07+08:00 ] ::1 /item/blog/Uploads/aimg/1469774577_9.jpg
ERR: 无法加载模块:Uploads

[ 2016-07-29T15:00:07+08:00 ] ::1 /item/blog/Uploads/aimg/1469774862_8.png
ERR: 无法加载模块:Uploads

[ 2016-07-29T15:00:07+08:00 ] ::1 /item/blog/Uploads/aimg/1469775234_2.jpg
ERR: 无法加载模块:Uploads

[ 2016-07-29T15:01:20+08:00 ] ::1 /item/blog/Uploads/aimg/1469774862_8.png
ERR: 无法加载模块:Uploads

[ 2016-07-29T15:01:20+08:00 ] ::1 /item/blog/Uploads/aimg/1469774577_9.jpg
ERR: 无法加载模块:Uploads

[ 2016-07-29T15:01:20+08:00 ] ::1 /item/blog/Uploads/aimg/1469775234_2.jpg
ERR: 无法加载模块:Uploads

[ 2016-07-29T15:01:20+08:00 ] ::1 /item/blog/Uploads/aimg/1469774687_3.jpg
ERR: 无法加载模块:Uploads

[ 2016-07-29T15:01:20+08:00 ] ::1 /item/blog/Uploads/aimg/1469762132_7.jpg
ERR: 无法加载模块:Uploads

[ 2016-07-29T15:10:11+08:00 ] ::1 /item/blog/Uploads/aimg/1469762132_7.jpg
ERR: 无法加载模块:Uploads

[ 2016-07-29T15:10:11+08:00 ] ::1 /item/blog/Uploads/aimg/1469774862_8.png
ERR: 无法加载模块:Uploads

[ 2016-07-29T15:10:11+08:00 ] ::1 /item/blog/Uploads/aimg/1469774577_9.jpg
ERR: 无法加载模块:Uploads

[ 2016-07-29T15:10:11+08:00 ] ::1 /item/blog/Uploads/aimg/1469774687_3.jpg
ERR: 无法加载模块:Uploads

[ 2016-07-29T15:10:11+08:00 ] ::1 /item/blog/Uploads/aimg/1469775234_2.jpg
ERR: 无法加载模块:Uploads

[ 2016-07-29T15:10:24+08:00 ] ::1 /item/blog/Uploads/aimg/1469762132_7.jpg
ERR: 无法加载模块:Uploads

[ 2016-07-29T15:10:24+08:00 ] ::1 /item/blog/Uploads/aimg/1469774577_9.jpg
ERR: 无法加载模块:Uploads

[ 2016-07-29T15:10:24+08:00 ] ::1 /item/blog/Uploads/aimg/1469774687_3.jpg
ERR: 无法加载模块:Uploads

[ 2016-07-29T15:10:24+08:00 ] ::1 /item/blog/Uploads/aimg/1469774862_8.png
ERR: 无法加载模块:Uploads

[ 2016-07-29T15:10:24+08:00 ] ::1 /item/blog/Uploads/aimg/1469775234_2.jpg
ERR: 无法加载模块:Uploads

[ 2016-07-29T15:10:34+08:00 ] ::1 /item/blog/Uploads/aimg/1469762132_7.jpg
ERR: 无法加载模块:Uploads

[ 2016-07-29T15:10:34+08:00 ] ::1 /item/blog/Uploads/aimg/1469774577_9.jpg
ERR: 无法加载模块:Uploads

[ 2016-07-29T15:10:34+08:00 ] ::1 /item/blog/Uploads/aimg/1469775234_2.jpg
ERR: 无法加载模块:Uploads

[ 2016-07-29T15:10:34+08:00 ] ::1 /item/blog/Uploads/aimg/1469774862_8.png
ERR: 无法加载模块:Uploads

[ 2016-07-29T15:10:34+08:00 ] ::1 /item/blog/Uploads/aimg/1469774687_3.jpg
ERR: 无法加载模块:Uploads

[ 2016-07-29T15:14:38+08:00 ] ::1 /item/blog/Uploads/aimg/1469774687_3.jpg
ERR: 无法加载模块:Uploads

[ 2016-07-29T15:14:38+08:00 ] ::1 /item/blog/Uploads/aimg/1469774862_8.png
ERR: 无法加载模块:Uploads

[ 2016-07-29T15:14:38+08:00 ] ::1 /item/blog/Uploads/aimg/1469762132_7.jpg
ERR: 无法加载模块:Uploads

[ 2016-07-29T15:14:38+08:00 ] ::1 /item/blog/Uploads/aimg/1469774577_9.jpg
ERR: 无法加载模块:Uploads

[ 2016-07-29T15:14:38+08:00 ] ::1 /item/blog/Uploads/aimg/1469775234_2.jpg
ERR: 无法加载模块:Uploads

[ 2016-07-29T15:16:08+08:00 ] ::1 /item/blog/Uploads/aimg/1469775234_2.jpg
ERR: 无法加载模块:Uploads

[ 2016-07-29T15:16:08+08:00 ] ::1 /item/blog/Uploads/aimg/1469762132_7.jpg
ERR: 无法加载模块:Uploads

[ 2016-07-29T15:16:08+08:00 ] ::1 /item/blog/Uploads/aimg/1469774687_3.jpg
ERR: 无法加载模块:Uploads

[ 2016-07-29T15:16:08+08:00 ] ::1 /item/blog/Uploads/aimg/1469774577_9.jpg
ERR: 无法加载模块:Uploads

[ 2016-07-29T15:16:08+08:00 ] ::1 /item/blog/Uploads/aimg/1469774862_8.png
ERR: 无法加载模块:Uploads

[ 2016-07-29T15:31:09+08:00 ] ::1 /item/blog/Public/js/jquery.min.map
ERR: 无法加载模块:Public

[ 2016-07-29T15:37:20+08:00 ] ::1 /item/blog/Public/js/jquery.min.map
ERR: 无法加载模块:Public

[ 2016-07-29T15:50:18+08:00 ] ::1 /item/blog/Uploads/aimg/1469762132_7.jpg
ERR: 无法加载模块:Uploads

[ 2016-07-29T15:50:18+08:00 ] ::1 /item/blog/Uploads/aimg/1469774577_9.jpg
ERR: 无法加载模块:Uploads

[ 2016-07-29T15:50:18+08:00 ] ::1 /item/blog/Uploads/aimg/1469774687_3.jpg
ERR: 无法加载模块:Uploads

[ 2016-07-29T15:50:18+08:00 ] ::1 /item/blog/Uploads/aimg/1469775234_2.jpg
ERR: 无法加载模块:Uploads

[ 2016-07-29T15:50:18+08:00 ] ::1 /item/blog/Uploads/aimg/1469774862_8.png
ERR: 无法加载模块:Uploads

[ 2016-07-29T15:52:39+08:00 ] ::1 /item/blog/Public/js/jquery.min.map
ERR: 无法加载模块:Public

[ 2016-07-29T16:37:37+08:00 ] ::1 /item/blog/Uploads/aimg/1469762132_7.jpg
ERR: 无法加载模块:Uploads

[ 2016-07-29T16:37:37+08:00 ] ::1 /item/blog/Uploads/aimg/1469774862_8.png
ERR: 无法加载模块:Uploads

[ 2016-07-29T16:37:37+08:00 ] ::1 /item/blog/Uploads/aimg/1469774687_3.jpg
ERR: 无法加载模块:Uploads

[ 2016-07-29T16:37:37+08:00 ] ::1 /item/blog/Uploads/aimg/1469775234_2.jpg
ERR: 无法加载模块:Uploads

[ 2016-07-29T16:37:37+08:00 ] ::1 /item/blog/Uploads/aimg/1469774577_9.jpg
ERR: 无法加载模块:Uploads

[ 2016-07-29T16:37:43+08:00 ] ::1 /item/blog/Uploads/aimg/1469774577_9.jpg
ERR: 无法加载模块:Uploads

[ 2016-07-29T16:37:43+08:00 ] ::1 /item/blog/Uploads/aimg/1469762132_7.jpg
ERR: 无法加载模块:Uploads

[ 2016-07-29T16:37:43+08:00 ] ::1 /item/blog/Uploads/aimg/1469774687_3.jpg
ERR: 无法加载模块:Uploads

[ 2016-07-29T16:37:43+08:00 ] ::1 /item/blog/Uploads/aimg/1469774862_8.png
ERR: 无法加载模块:Uploads

[ 2016-07-29T16:37:43+08:00 ] ::1 /item/blog/Uploads/aimg/1469775234_2.jpg
ERR: 无法加载模块:Uploads

[ 2016-07-29T16:38:13+08:00 ] ::1 /item/blog/Uploads/aimg/1469774577_9.jpg
ERR: 无法加载模块:Uploads

[ 2016-07-29T16:38:13+08:00 ] ::1 /item/blog/Uploads/aimg/1469774687_3.jpg
ERR: 无法加载模块:Uploads

[ 2016-07-29T16:38:13+08:00 ] ::1 /item/blog/Uploads/aimg/1469762132_7.jpg
ERR: 无法加载模块:Uploads

[ 2016-07-29T16:38:13+08:00 ] ::1 /item/blog/Uploads/aimg/1469774862_8.png
ERR: 无法加载模块:Uploads

[ 2016-07-29T16:38:13+08:00 ] ::1 /item/blog/Uploads/aimg/1469775234_2.jpg
ERR: 无法加载模块:Uploads

[ 2016-07-29T16:47:21+08:00 ] ::1 /item/blog/Uploads/aimg/1469762132_7.jpg
ERR: 无法加载模块:Uploads

[ 2016-07-29T16:47:21+08:00 ] ::1 /item/blog/Uploads/aimg/1469774577_9.jpg
ERR: 无法加载模块:Uploads

[ 2016-07-29T16:47:21+08:00 ] ::1 /item/blog/Uploads/aimg/1469774687_3.jpg
ERR: 无法加载模块:Uploads

[ 2016-07-29T16:47:21+08:00 ] ::1 /item/blog/Uploads/aimg/1469775234_2.jpg
ERR: 无法加载模块:Uploads

[ 2016-07-29T16:47:21+08:00 ] ::1 /item/blog/Uploads/aimg/1469774862_8.png
ERR: 无法加载模块:Uploads

[ 2016-07-29T16:51:08+08:00 ] ::1 /item/blog/Uploads/aimg/1469774577_9.jpg
ERR: 无法加载模块:Uploads

[ 2016-07-29T16:51:08+08:00 ] ::1 /item/blog/Uploads/aimg/1469774687_3.jpg
ERR: 无法加载模块:Uploads

[ 2016-07-29T16:51:08+08:00 ] ::1 /item/blog/Uploads/aimg/1469762132_7.jpg
ERR: 无法加载模块:Uploads

[ 2016-07-29T16:51:08+08:00 ] ::1 /item/blog/Uploads/aimg/1469775234_2.jpg
ERR: 无法加载模块:Uploads

[ 2016-07-29T16:51:08+08:00 ] ::1 /item/blog/Uploads/aimg/1469774862_8.png
ERR: 无法加载模块:Uploads

[ 2016-07-29T16:51:13+08:00 ] ::1 /item/blog/Uploads/aimg/1469762132_7.jpg
ERR: 无法加载模块:Uploads

[ 2016-07-29T16:51:13+08:00 ] ::1 /item/blog/Uploads/aimg/1469774862_8.png
ERR: 无法加载模块:Uploads

[ 2016-07-29T16:51:13+08:00 ] ::1 /item/blog/Uploads/aimg/1469774687_3.jpg
ERR: 无法加载模块:Uploads

[ 2016-07-29T16:51:13+08:00 ] ::1 /item/blog/Uploads/aimg/1469774577_9.jpg
ERR: 无法加载模块:Uploads

[ 2016-07-29T16:51:13+08:00 ] ::1 /item/blog/Uploads/aimg/1469775234_2.jpg
ERR: 无法加载模块:Uploads

[ 2016-07-29T16:51:36+08:00 ] ::1 /item/blog/Uploads/aimg/1469774577_9.jpg
ERR: 无法加载模块:Uploads

[ 2016-07-29T16:51:36+08:00 ] ::1 /item/blog/Uploads/aimg/1469762132_7.jpg
ERR: 无法加载模块:Uploads

[ 2016-07-29T16:51:36+08:00 ] ::1 /item/blog/Uploads/aimg/1469774862_8.png
ERR: 无法加载模块:Uploads

[ 2016-07-29T16:51:36+08:00 ] ::1 /item/blog/Uploads/aimg/1469774687_3.jpg
ERR: 无法加载模块:Uploads

[ 2016-07-29T16:51:36+08:00 ] ::1 /item/blog/Uploads/aimg/1469775234_2.jpg
ERR: 无法加载模块:Uploads

