[ 2016-08-01T09:13:38+08:00 ] ::1 /item/blog/Uploads/aimg/1469762132_7.jpg
ERR: 无法加载模块:Uploads

[ 2016-08-01T09:13:38+08:00 ] ::1 /item/blog/Uploads/aimg/1469774577_9.jpg
ERR: 无法加载模块:Uploads

[ 2016-08-01T09:13:38+08:00 ] ::1 /item/blog/Uploads/aimg/1469775234_2.jpg
ERR: 无法加载模块:Uploads

[ 2016-08-01T09:13:38+08:00 ] ::1 /item/blog/Uploads/aimg/1469774687_3.jpg
ERR: 无法加载模块:Uploads

[ 2016-08-01T09:13:38+08:00 ] ::1 /item/blog/Uploads/aimg/1469774862_8.png
ERR: 无法加载模块:Uploads

[ 2016-08-01T09:14:02+08:00 ] ::1 /item/blog/Uploads/aimg/1469775234_2.jpg
ERR: 无法加载模块:Uploads

[ 2016-08-01T09:14:02+08:00 ] ::1 /item/blog/Uploads/aimg/1469762132_7.jpg
ERR: 无法加载模块:Uploads

[ 2016-08-01T09:14:02+08:00 ] ::1 /item/blog/Uploads/aimg/1469774862_8.png
ERR: 无法加载模块:Uploads

[ 2016-08-01T09:14:02+08:00 ] ::1 /item/blog/Uploads/aimg/1469774577_9.jpg
ERR: 无法加载模块:Uploads

[ 2016-08-01T09:14:02+08:00 ] ::1 /item/blog/Uploads/aimg/1469774687_3.jpg
ERR: 无法加载模块:Uploads

[ 2016-08-01T09:18:21+08:00 ] ::1 /item/blog/Uploads/aimg/1469774687_3.jpg
ERR: 无法加载模块:Uploads

[ 2016-08-01T09:18:21+08:00 ] ::1 /item/blog/Uploads/aimg/1469774577_9.jpg
ERR: 无法加载模块:Uploads

[ 2016-08-01T09:18:22+08:00 ] ::1 /item/blog/Uploads/aimg/1469775234_2.jpg
ERR: 无法加载模块:Uploads

[ 2016-08-01T09:18:22+08:00 ] ::1 /item/blog/Uploads/aimg/1469762132_7.jpg
ERR: 无法加载模块:Uploads

[ 2016-08-01T09:18:22+08:00 ] ::1 /item/blog/Uploads/aimg/1469774862_8.png
ERR: 无法加载模块:Uploads

[ 2016-08-01T09:24:17+08:00 ] ::1 /item/blog/Uploads/aimg/1469774577_9.jpg
ERR: 无法加载模块:Uploads

[ 2016-08-01T09:24:17+08:00 ] ::1 /item/blog/Uploads/aimg/1469762132_7.jpg
ERR: 无法加载模块:Uploads

[ 2016-08-01T09:24:17+08:00 ] ::1 /item/blog/Uploads/aimg/1469775234_2.jpg
ERR: 无法加载模块:Uploads

[ 2016-08-01T09:24:17+08:00 ] ::1 /item/blog/Uploads/aimg/1469774687_3.jpg
ERR: 无法加载模块:Uploads

[ 2016-08-01T09:24:17+08:00 ] ::1 /item/blog/Uploads/aimg/1469774862_8.png
ERR: 无法加载模块:Uploads

[ 2016-08-01T09:24:50+08:00 ] ::1 /item/blog/Uploads/aimg/1469775234_2.jpg
ERR: 无法加载模块:Uploads

[ 2016-08-01T09:24:50+08:00 ] ::1 /item/blog/Uploads/aimg/1469762132_7.jpg
ERR: 无法加载模块:Uploads

[ 2016-08-01T09:24:50+08:00 ] ::1 /item/blog/Uploads/aimg/1469774577_9.jpg
ERR: 无法加载模块:Uploads

[ 2016-08-01T09:24:50+08:00 ] ::1 /item/blog/Uploads/aimg/1469774862_8.png
ERR: 无法加载模块:Uploads

[ 2016-08-01T09:24:50+08:00 ] ::1 /item/blog/Uploads/aimg/1469774687_3.jpg
ERR: 无法加载模块:Uploads

[ 2016-08-01T09:26:38+08:00 ] ::1 /item/blog/Uploads/aimg/1469762132_7.jpg
ERR: 无法加载模块:Uploads

[ 2016-08-01T09:26:38+08:00 ] ::1 /item/blog/Uploads/aimg/1469774577_9.jpg
ERR: 无法加载模块:Uploads

[ 2016-08-01T09:26:38+08:00 ] ::1 /item/blog/Uploads/aimg/1469775234_2.jpg
ERR: 无法加载模块:Uploads

[ 2016-08-01T09:26:38+08:00 ] ::1 /item/blog/Uploads/aimg/1469774862_8.png
ERR: 无法加载模块:Uploads

[ 2016-08-01T09:26:38+08:00 ] ::1 /item/blog/Uploads/aimg/1469774687_3.jpg
ERR: 无法加载模块:Uploads

[ 2016-08-01T10:18:57+08:00 ] ::1 /item/blog/Uploads/aimg/1469762132_7.jpg
ERR: 无法加载模块:Uploads

[ 2016-08-01T10:18:57+08:00 ] ::1 /item/blog/Uploads/aimg/1469774577_9.jpg
ERR: 无法加载模块:Uploads

[ 2016-08-01T10:18:57+08:00 ] ::1 /item/blog/Uploads/aimg/1469774862_8.png
ERR: 无法加载模块:Uploads

[ 2016-08-01T10:18:57+08:00 ] ::1 /item/blog/Uploads/aimg/1469774687_3.jpg
ERR: 无法加载模块:Uploads

[ 2016-08-01T10:18:57+08:00 ] ::1 /item/blog/Uploads/aimg/1469775234_2.jpg
ERR: 无法加载模块:Uploads

[ 2016-08-01T10:19:03+08:00 ] ::1 /item/blog/Uploads/aimg/1469762132_7.jpg
ERR: 无法加载模块:Uploads

[ 2016-08-01T10:19:03+08:00 ] ::1 /item/blog/Uploads/aimg/1469774687_3.jpg
ERR: 无法加载模块:Uploads

[ 2016-08-01T10:19:03+08:00 ] ::1 /item/blog/Uploads/aimg/1469774862_8.png
ERR: 无法加载模块:Uploads

[ 2016-08-01T10:19:03+08:00 ] ::1 /item/blog/Uploads/aimg/1469774577_9.jpg
ERR: 无法加载模块:Uploads

[ 2016-08-01T10:19:03+08:00 ] ::1 /item/blog/Uploads/aimg/1469775234_2.jpg
ERR: 无法加载模块:Uploads

[ 2016-08-01T10:29:07+08:00 ] ::1 /item/blog/Uploads/aimg/1469762132_7.jpg
ERR: 无法加载模块:Uploads

[ 2016-08-01T10:29:07+08:00 ] ::1 /item/blog/Uploads/aimg/1469774577_9.jpg
ERR: 无法加载模块:Uploads

[ 2016-08-01T10:29:07+08:00 ] ::1 /item/blog/Uploads/aimg/1469774687_3.jpg
ERR: 无法加载模块:Uploads

[ 2016-08-01T10:29:07+08:00 ] ::1 /item/blog/Uploads/aimg/1469775234_2.jpg
ERR: 无法加载模块:Uploads

[ 2016-08-01T10:29:07+08:00 ] ::1 /item/blog/Uploads/aimg/1469774862_8.png
ERR: 无法加载模块:Uploads

[ 2016-08-01T15:27:54+08:00 ] ::1 /item/blog/Uploads/aimg/1469762132_7.jpg
ERR: 无法加载模块:Uploads

[ 2016-08-01T15:27:54+08:00 ] ::1 /item/blog/Uploads/aimg/1469774687_3.jpg
ERR: 无法加载模块:Uploads

[ 2016-08-01T15:27:54+08:00 ] ::1 /item/blog/Uploads/aimg/1469774577_9.jpg
ERR: 无法加载模块:Uploads

[ 2016-08-01T15:29:07+08:00 ] ::1 /item/blog/Uploads/aimg/1469762132_7.jpg
ERR: 无法加载模块:Uploads

[ 2016-08-01T15:29:07+08:00 ] ::1 /item/blog/Uploads/aimg/1469774577_9.jpg
ERR: 无法加载模块:Uploads

[ 2016-08-01T15:29:07+08:00 ] ::1 /item/blog/Uploads/aimg/1469774687_3.jpg
ERR: 无法加载模块:Uploads

[ 2016-08-01T15:33:24+08:00 ] ::1 /item/blog/Uploads/aimg/1469774577_9.jpg
ERR: 无法加载模块:Uploads

[ 2016-08-01T15:33:24+08:00 ] ::1 /item/blog/Uploads/aimg/1469762132_7.jpg
ERR: 无法加载模块:Uploads

[ 2016-08-01T15:33:24+08:00 ] ::1 /item/blog/Uploads/aimg/1469774687_3.jpg
ERR: 无法加载模块:Uploads

[ 2016-08-01T15:36:22+08:00 ] ::1 /item/blog/Uploads/aimg/1469762132_7.jpg
ERR: 无法加载模块:Uploads

[ 2016-08-01T15:36:22+08:00 ] ::1 /item/blog/Uploads/aimg/1469774577_9.jpg
ERR: 无法加载模块:Uploads

[ 2016-08-01T15:36:22+08:00 ] ::1 /item/blog/Uploads/aimg/1469774687_3.jpg
ERR: 无法加载模块:Uploads

[ 2016-08-01T15:41:26+08:00 ] ::1 /item/blog/Uploads/aimg/1469762132_7.jpg
ERR: 无法加载模块:Uploads

[ 2016-08-01T15:41:26+08:00 ] ::1 /item/blog/Uploads/aimg/1469774687_3.jpg
ERR: 无法加载模块:Uploads

[ 2016-08-01T15:41:26+08:00 ] ::1 /item/blog/Uploads/aimg/1469774577_9.jpg
ERR: 无法加载模块:Uploads

[ 2016-08-01T15:41:28+08:00 ] ::1 /item/blog/Uploads/aimg/1469774577_9.jpg
ERR: 无法加载模块:Uploads

[ 2016-08-01T15:41:28+08:00 ] ::1 /item/blog/Uploads/aimg/1469762132_7.jpg
ERR: 无法加载模块:Uploads

[ 2016-08-01T15:41:28+08:00 ] ::1 /item/blog/Uploads/aimg/1469774687_3.jpg
ERR: 无法加载模块:Uploads

[ 2016-08-01T15:45:22+08:00 ] ::1 /item/blog/Uploads/aimg/1469774687_3.jpg
ERR: 无法加载模块:Uploads

[ 2016-08-01T15:45:22+08:00 ] ::1 /item/blog/Uploads/aimg/1469762132_7.jpg
ERR: 无法加载模块:Uploads

[ 2016-08-01T15:45:22+08:00 ] ::1 /item/blog/Uploads/aimg/1469774577_9.jpg
ERR: 无法加载模块:Uploads

[ 2016-08-01T16:03:12+08:00 ] ::1 /item/blog/Uploads/aimg/1469762132_7.jpg
ERR: 无法加载模块:Uploads

[ 2016-08-01T16:03:12+08:00 ] ::1 /item/blog/Uploads/aimg/1469774577_9.jpg
ERR: 无法加载模块:Uploads

[ 2016-08-01T16:03:12+08:00 ] ::1 /item/blog/Uploads/aimg/1469774687_3.jpg
ERR: 无法加载模块:Uploads

[ 2016-08-01T16:16:58+08:00 ] ::1 /item/blog/Uploads/aimg/1469762132_7.jpg
ERR: 无法加载模块:Uploads

[ 2016-08-01T16:16:58+08:00 ] ::1 /item/blog/Uploads/aimg/1469774577_9.jpg
ERR: 无法加载模块:Uploads

[ 2016-08-01T16:16:58+08:00 ] ::1 /item/blog/Uploads/aimg/1469774687_3.jpg
ERR: 无法加载模块:Uploads

[ 2016-08-01T18:09:46+08:00 ] ::1 /blog/Uploads/aimg/1469762132_7.jpg
ERR: 无法加载模块:Uploads

[ 2016-08-01T18:09:46+08:00 ] ::1 /blog/Uploads/aimg/1469774577_9.jpg
ERR: 无法加载模块:Uploads

[ 2016-08-01T18:09:46+08:00 ] ::1 /blog/Uploads/aimg/1469774687_3.jpg
ERR: 无法加载模块:Uploads

[ 2016-08-01T21:18:12+08:00 ] ::1 /blog/Public/%20jquery-1.8.3.min.js
ERR: 无法加载模块:Public

[ 2016-08-01T21:27:54+08:00 ] ::1 /blog/Public/%20jquery-1.8.3.min.js
ERR: 无法加载模块:Public

