[ 2016-08-03T09:14:48+08:00 ] ::1 /app/item/blog/Uploads/aimg/1469774687_3.jpg
ERR: 无法加载模块:Uploads

[ 2016-08-03T09:14:48+08:00 ] ::1 /app/item/blog/Uploads/aimg/1469762132_7.jpg
ERR: 无法加载模块:Uploads

[ 2016-08-03T09:14:48+08:00 ] ::1 /app/item/blog/Uploads/aimg/1469774577_9.jpg
ERR: 无法加载模块:Uploads

[ 2016-08-03T12:26:55+08:00 ] ::1 /app/item/blog/Uploads/aimg/1469774577_9.jpg
ERR: 无法加载模块:Uploads

[ 2016-08-03T12:26:55+08:00 ] ::1 /app/item/blog/Uploads/aimg/1469762132_7.jpg
ERR: 无法加载模块:Uploads

[ 2016-08-03T12:26:55+08:00 ] ::1 /app/item/blog/Uploads/aimg/1469774687_3.jpg
ERR: 无法加载模块:Uploads

[ 2016-08-03T14:09:14+08:00 ] ::1 /app/item/blog/Uploads/aimg/1469762132_7.jpg
INFO: [ app_init ] --START--
INFO: Run Behavior\BuildLiteBehavior [ RunTime:0.000000s ]
INFO: [ app_init ] --END-- [ RunTime:0.001000s ]
ERR: 无法加载模块:Uploads

[ 2016-08-03T14:09:14+08:00 ] ::1 /app/item/blog/Uploads/aimg/1469774577_9.jpg
INFO: [ app_init ] --START--
INFO: Run Behavior\BuildLiteBehavior [ RunTime:0.000000s ]
INFO: [ app_init ] --END-- [ RunTime:0.001000s ]
ERR: 无法加载模块:Uploads

[ 2016-08-03T14:09:14+08:00 ] ::1 /app/item/blog/Uploads/aimg/1469774687_3.jpg
INFO: [ app_init ] --START--
INFO: Run Behavior\BuildLiteBehavior [ RunTime:0.000000s ]
INFO: [ app_init ] --END-- [ RunTime:0.000000s ]
ERR: 无法加载模块:Uploads

[ 2016-08-03T14:09:24+08:00 ] ::1 /app/item/blog/Uploads/aimg/1469774687_3.jpg
INFO: [ app_init ] --START--
INFO: Run Behavior\BuildLiteBehavior [ RunTime:0.000000s ]
INFO: [ app_init ] --END-- [ RunTime:0.001000s ]
ERR: 无法加载模块:Uploads

[ 2016-08-03T14:09:25+08:00 ] ::1 /app/item/blog/Uploads/aimg/1469762132_7.jpg
INFO: [ app_init ] --START--
INFO: Run Behavior\BuildLiteBehavior [ RunTime:0.000000s ]
INFO: [ app_init ] --END-- [ RunTime:0.000000s ]
ERR: 无法加载模块:Uploads

[ 2016-08-03T14:09:25+08:00 ] ::1 /app/item/blog/Uploads/aimg/1469774577_9.jpg
INFO: [ app_init ] --START--
INFO: Run Behavior\BuildLiteBehavior [ RunTime:0.000000s ]
INFO: [ app_init ] --END-- [ RunTime:0.002000s ]
ERR: 无法加载模块:Uploads

[ 2016-08-03T14:09:31+08:00 ] ::1 /app/item/blog/Uploads/aimg/1469774687_3.jpg
INFO: [ app_init ] --START--
INFO: Run Behavior\BuildLiteBehavior [ RunTime:0.000000s ]
INFO: [ app_init ] --END-- [ RunTime:0.001000s ]
ERR: 无法加载模块:Uploads

[ 2016-08-03T14:09:31+08:00 ] ::1 /app/item/blog/Uploads/aimg/1469762132_7.jpg
INFO: [ app_init ] --START--
INFO: Run Behavior\BuildLiteBehavior [ RunTime:0.000000s ]
INFO: [ app_init ] --END-- [ RunTime:0.001000s ]
ERR: 无法加载模块:Uploads

[ 2016-08-03T14:09:31+08:00 ] ::1 /app/item/blog/Uploads/aimg/1469774577_9.jpg
INFO: [ app_init ] --START--
INFO: Run Behavior\BuildLiteBehavior [ RunTime:0.000000s ]
INFO: [ app_init ] --END-- [ RunTime:0.001000s ]
ERR: 无法加载模块:Uploads

[ 2016-08-03T14:10:45+08:00 ] ::1 /app/item/blog/Uploads/aimg/1469762132_7.jpg
INFO: [ app_init ] --START--
INFO: Run Behavior\BuildLiteBehavior [ RunTime:0.000000s ]
INFO: [ app_init ] --END-- [ RunTime:0.001000s ]
ERR: 无法加载模块:Uploads

[ 2016-08-03T14:10:45+08:00 ] ::1 /app/item/blog/Uploads/aimg/1469774577_9.jpg
INFO: [ app_init ] --START--
INFO: Run Behavior\BuildLiteBehavior [ RunTime:0.000000s ]
INFO: [ app_init ] --END-- [ RunTime:0.001001s ]
ERR: 无法加载模块:Uploads

[ 2016-08-03T14:10:45+08:00 ] ::1 /app/item/blog/Uploads/aimg/1469774687_3.jpg
INFO: [ app_init ] --START--
INFO: Run Behavior\BuildLiteBehavior [ RunTime:0.000000s ]
INFO: [ app_init ] --END-- [ RunTime:0.001000s ]
ERR: 无法加载模块:Uploads

[ 2016-08-03T14:11:05+08:00 ] ::1 /app/item/blog/Uploads/aimg/1469762132_7.jpg
INFO: [ app_init ] --START--
INFO: Run Behavior\BuildLiteBehavior [ RunTime:0.000000s ]
INFO: [ app_init ] --END-- [ RunTime:0.000000s ]
ERR: 无法加载模块:Uploads

[ 2016-08-03T14:11:05+08:00 ] ::1 /app/item/blog/Uploads/aimg/1469774687_3.jpg
INFO: [ app_init ] --START--
INFO: Run Behavior\BuildLiteBehavior [ RunTime:0.000000s ]
INFO: [ app_init ] --END-- [ RunTime:0.000000s ]
ERR: 无法加载模块:Uploads

[ 2016-08-03T14:11:05+08:00 ] ::1 /app/item/blog/Uploads/aimg/1469774577_9.jpg
INFO: [ app_init ] --START--
INFO: Run Behavior\BuildLiteBehavior [ RunTime:0.000000s ]
INFO: [ app_init ] --END-- [ RunTime:0.000000s ]
ERR: 无法加载模块:Uploads

[ 2016-08-03T14:11:42+08:00 ] ::1 /app/item/blog/Uploads/aimg/1469762132_7.jpg
INFO: [ app_init ] --START--
INFO: Run Behavior\BuildLiteBehavior [ RunTime:0.000000s ]
INFO: [ app_init ] --END-- [ RunTime:0.000000s ]
ERR: 无法加载模块:Uploads

[ 2016-08-03T14:11:42+08:00 ] ::1 /app/item/blog/Uploads/aimg/1469774687_3.jpg
INFO: [ app_init ] --START--
INFO: Run Behavior\BuildLiteBehavior [ RunTime:0.000000s ]
INFO: [ app_init ] --END-- [ RunTime:0.000000s ]
ERR: 无法加载模块:Uploads

[ 2016-08-03T14:11:42+08:00 ] ::1 /app/item/blog/Uploads/aimg/1469774577_9.jpg
INFO: [ app_init ] --START--
INFO: Run Behavior\BuildLiteBehavior [ RunTime:0.000000s ]
INFO: [ app_init ] --END-- [ RunTime:0.000000s ]
ERR: 无法加载模块:Uploads

[ 2016-08-03T14:11:45+08:00 ] ::1 /app/item/blog/Uploads/aimg/1469762132_7.jpg
INFO: [ app_init ] --START--
INFO: Run Behavior\BuildLiteBehavior [ RunTime:0.000000s ]
INFO: [ app_init ] --END-- [ RunTime:0.000000s ]
ERR: 无法加载模块:Uploads

[ 2016-08-03T14:11:45+08:00 ] ::1 /app/item/blog/Uploads/aimg/1469774687_3.jpg
INFO: [ app_init ] --START--
INFO: Run Behavior\BuildLiteBehavior [ RunTime:0.000000s ]
INFO: [ app_init ] --END-- [ RunTime:0.000000s ]
ERR: 无法加载模块:Uploads

[ 2016-08-03T14:11:45+08:00 ] ::1 /app/item/blog/Uploads/aimg/1469774577_9.jpg
INFO: [ app_init ] --START--
INFO: Run Behavior\BuildLiteBehavior [ RunTime:0.000000s ]
INFO: [ app_init ] --END-- [ RunTime:0.000000s ]
ERR: 无法加载模块:Uploads

[ 2016-08-03T14:11:48+08:00 ] ::1 /app/item/blog/Uploads/aimg/1469762132_7.jpg
INFO: [ app_init ] --START--
INFO: Run Behavior\BuildLiteBehavior [ RunTime:0.000000s ]
INFO: [ app_init ] --END-- [ RunTime:0.000000s ]
ERR: 无法加载模块:Uploads

[ 2016-08-03T14:11:48+08:00 ] ::1 /app/item/blog/Uploads/aimg/1469774687_3.jpg
INFO: [ app_init ] --START--
INFO: Run Behavior\BuildLiteBehavior [ RunTime:0.000000s ]
INFO: [ app_init ] --END-- [ RunTime:0.000000s ]
ERR: 无法加载模块:Uploads

[ 2016-08-03T14:11:48+08:00 ] ::1 /app/item/blog/Uploads/aimg/1469774577_9.jpg
INFO: [ app_init ] --START--
INFO: Run Behavior\BuildLiteBehavior [ RunTime:0.000000s ]
INFO: [ app_init ] --END-- [ RunTime:0.000000s ]
ERR: 无法加载模块:Uploads

[ 2016-08-03T14:11:53+08:00 ] ::1 /app/item/blog/Uploads/aimg/1469774687_3.jpg
INFO: [ app_init ] --START--
INFO: Run Behavior\BuildLiteBehavior [ RunTime:0.000000s ]
INFO: [ app_init ] --END-- [ RunTime:0.000000s ]
ERR: 无法加载模块:Uploads

[ 2016-08-03T14:11:53+08:00 ] ::1 /app/item/blog/Uploads/aimg/1469762132_7.jpg
INFO: [ app_init ] --START--
INFO: Run Behavior\BuildLiteBehavior [ RunTime:0.000000s ]
INFO: [ app_init ] --END-- [ RunTime:0.001000s ]
ERR: 无法加载模块:Uploads

[ 2016-08-03T14:11:53+08:00 ] ::1 /app/item/blog/Uploads/aimg/1469774577_9.jpg
INFO: [ app_init ] --START--
INFO: Run Behavior\BuildLiteBehavior [ RunTime:0.000000s ]
INFO: [ app_init ] --END-- [ RunTime:0.000000s ]
ERR: 无法加载模块:Uploads

[ 2016-08-03T14:17:32+08:00 ] ::1 /app/item/blog/Uploads/aimg/1469762132_7.jpg
INFO: [ app_init ] --START--
INFO: Run Behavior\BuildLiteBehavior [ RunTime:0.000000s ]
INFO: [ app_init ] --END-- [ RunTime:0.000000s ]
ERR: 无法加载模块:Uploads

[ 2016-08-03T14:17:32+08:00 ] ::1 /app/item/blog/Uploads/aimg/1469774687_3.jpg
INFO: [ app_init ] --START--
INFO: Run Behavior\BuildLiteBehavior [ RunTime:0.000000s ]
INFO: [ app_init ] --END-- [ RunTime:0.001000s ]
ERR: 无法加载模块:Uploads

[ 2016-08-03T14:17:32+08:00 ] ::1 /app/item/blog/Uploads/aimg/1469774577_9.jpg
INFO: [ app_init ] --START--
INFO: Run Behavior\BuildLiteBehavior [ RunTime:0.000000s ]
INFO: [ app_init ] --END-- [ RunTime:0.001000s ]
ERR: 无法加载模块:Uploads

[ 2016-08-03T14:18:26+08:00 ] ::1 /app/item/blog/Uploads/aimg/1469762132_7.jpg
INFO: [ app_init ] --START--
INFO: Run Behavior\BuildLiteBehavior [ RunTime:0.000000s ]
INFO: [ app_init ] --END-- [ RunTime:0.000000s ]
ERR: 无法加载模块:Uploads

[ 2016-08-03T14:18:26+08:00 ] ::1 /app/item/blog/Uploads/aimg/1469774577_9.jpg
INFO: [ app_init ] --START--
INFO: Run Behavior\BuildLiteBehavior [ RunTime:0.000000s ]
INFO: [ app_init ] --END-- [ RunTime:0.001000s ]
ERR: 无法加载模块:Uploads

[ 2016-08-03T14:18:26+08:00 ] ::1 /app/item/blog/Uploads/aimg/1469774687_3.jpg
INFO: [ app_init ] --START--
INFO: Run Behavior\BuildLiteBehavior [ RunTime:0.000000s ]
INFO: [ app_init ] --END-- [ RunTime:0.000000s ]
ERR: 无法加载模块:Uploads

[ 2016-08-03T14:18:29+08:00 ] ::1 /app/item/blog/Uploads/aimg/1469762132_7.jpg
INFO: [ app_init ] --START--
INFO: Run Behavior\BuildLiteBehavior [ RunTime:0.000000s ]
INFO: [ app_init ] --END-- [ RunTime:0.001000s ]
ERR: 无法加载模块:Uploads

[ 2016-08-03T14:18:29+08:00 ] ::1 /app/item/blog/Uploads/aimg/1469774687_3.jpg
INFO: [ app_init ] --START--
INFO: Run Behavior\BuildLiteBehavior [ RunTime:0.000000s ]
INFO: [ app_init ] --END-- [ RunTime:0.000000s ]
ERR: 无法加载模块:Uploads

[ 2016-08-03T14:18:29+08:00 ] ::1 /app/item/blog/Uploads/aimg/1469774577_9.jpg
INFO: [ app_init ] --START--
INFO: Run Behavior\BuildLiteBehavior [ RunTime:0.000000s ]
INFO: [ app_init ] --END-- [ RunTime:0.000000s ]
ERR: 无法加载模块:Uploads

[ 2016-08-03T14:18:43+08:00 ] ::1 /app/item/blog/Uploads/aimg/1469762132_7.jpg
INFO: [ app_init ] --START--
INFO: Run Behavior\BuildLiteBehavior [ RunTime:0.000000s ]
INFO: [ app_init ] --END-- [ RunTime:0.001000s ]
ERR: 无法加载模块:Uploads

[ 2016-08-03T14:18:43+08:00 ] ::1 /app/item/blog/Uploads/aimg/1469774687_3.jpg
INFO: [ app_init ] --START--
INFO: Run Behavior\BuildLiteBehavior [ RunTime:0.000000s ]
INFO: [ app_init ] --END-- [ RunTime:0.001000s ]
ERR: 无法加载模块:Uploads

[ 2016-08-03T14:18:43+08:00 ] ::1 /app/item/blog/Uploads/aimg/1469774577_9.jpg
INFO: [ app_init ] --START--
INFO: Run Behavior\BuildLiteBehavior [ RunTime:0.000000s ]
INFO: [ app_init ] --END-- [ RunTime:0.001000s ]
ERR: 无法加载模块:Uploads

[ 2016-08-03T14:21:22+08:00 ] ::1 /app/item/blog/Uploads/aimg/1469774577_9.jpg
INFO: [ app_init ] --START--
INFO: Run Behavior\BuildLiteBehavior [ RunTime:0.000000s ]
INFO: [ app_init ] --END-- [ RunTime:0.001000s ]
ERR: 无法加载模块:Uploads

[ 2016-08-03T14:21:22+08:00 ] ::1 /app/item/blog/Uploads/aimg/1469774687_3.jpg
INFO: [ app_init ] --START--
INFO: Run Behavior\BuildLiteBehavior [ RunTime:0.000000s ]
INFO: [ app_init ] --END-- [ RunTime:0.001000s ]
ERR: 无法加载模块:Uploads

[ 2016-08-03T14:21:23+08:00 ] ::1 /app/item/blog/Uploads/aimg/1469762132_7.jpg
INFO: [ app_init ] --START--
INFO: Run Behavior\BuildLiteBehavior [ RunTime:0.000000s ]
INFO: [ app_init ] --END-- [ RunTime:0.001000s ]
ERR: 无法加载模块:Uploads

[ 2016-08-03T14:21:26+08:00 ] ::1 /app/item/blog/Uploads/aimg/1469762132_7.jpg
INFO: [ app_init ] --START--
INFO: Run Behavior\BuildLiteBehavior [ RunTime:0.000000s ]
INFO: [ app_init ] --END-- [ RunTime:0.000000s ]
ERR: 无法加载模块:Uploads

[ 2016-08-03T14:21:26+08:00 ] ::1 /app/item/blog/Uploads/aimg/1469774577_9.jpg
INFO: [ app_init ] --START--
INFO: Run Behavior\BuildLiteBehavior [ RunTime:0.000000s ]
INFO: [ app_init ] --END-- [ RunTime:0.001000s ]
ERR: 无法加载模块:Uploads

[ 2016-08-03T14:21:26+08:00 ] ::1 /app/item/blog/Uploads/aimg/1469774687_3.jpg
INFO: [ app_init ] --START--
INFO: Run Behavior\BuildLiteBehavior [ RunTime:0.000000s ]
INFO: [ app_init ] --END-- [ RunTime:0.000000s ]
ERR: 无法加载模块:Uploads

[ 2016-08-03T14:21:39+08:00 ] ::1 /app/item/blog/Uploads/aimg/1469762132_7.jpg
INFO: [ app_init ] --START--
INFO: Run Behavior\BuildLiteBehavior [ RunTime:0.000000s ]
INFO: [ app_init ] --END-- [ RunTime:0.000000s ]
ERR: 无法加载模块:Uploads

[ 2016-08-03T14:21:39+08:00 ] ::1 /app/item/blog/Uploads/aimg/1469774687_3.jpg
INFO: [ app_init ] --START--
INFO: Run Behavior\BuildLiteBehavior [ RunTime:0.000000s ]
INFO: [ app_init ] --END-- [ RunTime:0.000000s ]
ERR: 无法加载模块:Uploads

[ 2016-08-03T14:21:39+08:00 ] ::1 /app/item/blog/Uploads/aimg/1469774577_9.jpg
INFO: [ app_init ] --START--
INFO: Run Behavior\BuildLiteBehavior [ RunTime:0.000000s ]
INFO: [ app_init ] --END-- [ RunTime:0.001000s ]
ERR: 无法加载模块:Uploads

[ 2016-08-03T14:22:28+08:00 ] ::1 /app/item/blog/Uploads/aimg/1469762132_7.jpg
INFO: [ app_init ] --START--
INFO: Run Behavior\BuildLiteBehavior [ RunTime:0.000000s ]
INFO: [ app_init ] --END-- [ RunTime:0.000000s ]
ERR: 无法加载模块:Uploads

[ 2016-08-03T14:22:28+08:00 ] ::1 /app/item/blog/Uploads/aimg/1469774687_3.jpg
INFO: [ app_init ] --START--
INFO: Run Behavior\BuildLiteBehavior [ RunTime:0.000000s ]
INFO: [ app_init ] --END-- [ RunTime:0.000000s ]
ERR: 无法加载模块:Uploads

[ 2016-08-03T14:22:28+08:00 ] ::1 /app/item/blog/Uploads/aimg/1469774577_9.jpg
INFO: [ app_init ] --START--
INFO: Run Behavior\BuildLiteBehavior [ RunTime:0.000000s ]
INFO: [ app_init ] --END-- [ RunTime:0.001000s ]
ERR: 无法加载模块:Uploads

[ 2016-08-03T14:23:11+08:00 ] ::1 /app/item/blog/Uploads/aimg/1469762132_7.jpg
INFO: [ app_init ] --START--
INFO: Run Behavior\BuildLiteBehavior [ RunTime:0.001000s ]
INFO: [ app_init ] --END-- [ RunTime:0.001000s ]
ERR: 无法加载模块:Uploads

[ 2016-08-03T14:23:11+08:00 ] ::1 /app/item/blog/Uploads/aimg/1469774687_3.jpg
INFO: [ app_init ] --START--
INFO: Run Behavior\BuildLiteBehavior [ RunTime:0.000000s ]
INFO: [ app_init ] --END-- [ RunTime:0.000000s ]
ERR: 无法加载模块:Uploads

[ 2016-08-03T14:23:11+08:00 ] ::1 /app/item/blog/Uploads/aimg/1469774577_9.jpg
INFO: [ app_init ] --START--
INFO: Run Behavior\BuildLiteBehavior [ RunTime:0.000000s ]
INFO: [ app_init ] --END-- [ RunTime:0.001001s ]
ERR: 无法加载模块:Uploads

[ 2016-08-03T14:27:28+08:00 ] ::1 /app/item/blog/Uploads/aimg/1469774577_9.jpg
INFO: [ app_init ] --START--
INFO: Run Behavior\BuildLiteBehavior [ RunTime:0.000000s ]
INFO: [ app_init ] --END-- [ RunTime:0.001001s ]
ERR: 无法加载模块:Uploads

[ 2016-08-03T14:27:28+08:00 ] ::1 /app/item/blog/Uploads/aimg/1469762132_7.jpg
INFO: [ app_init ] --START--
INFO: Run Behavior\BuildLiteBehavior [ RunTime:0.000000s ]
INFO: [ app_init ] --END-- [ RunTime:0.001000s ]
ERR: 无法加载模块:Uploads

[ 2016-08-03T14:27:28+08:00 ] ::1 /app/item/blog/Uploads/aimg/1469774687_3.jpg
INFO: [ app_init ] --START--
INFO: Run Behavior\BuildLiteBehavior [ RunTime:0.000000s ]
INFO: [ app_init ] --END-- [ RunTime:0.000000s ]
ERR: 无法加载模块:Uploads

