[ 2016-08-16T11:02:43+08:00 ] ::1 /blogs/
INFO: [ app_init ] --START--
INFO: Run Behavior\BuildLiteBehavior [ RunTime:0.000000s ]
INFO: [ app_init ] --END-- [ RunTime:0.059003s ]
INFO: [ app_begin ] --START--
INFO: Run Behavior\ReadHtmlCacheBehavior [ RunTime:0.001000s ]
INFO: [ app_begin ] --END-- [ RunTime:0.001000s ]
ERR: SQLSTATE[HY000] [1045] Access denied for user 'root'@'localhost' (using password: YES)

[ 2016-08-16T11:03:38+08:00 ] ::1 /blogs/
INFO: [ app_init ] --START--
INFO: Run Behavior\BuildLiteBehavior [ RunTime:0.000000s ]
INFO: [ app_init ] --END-- [ RunTime:0.001000s ]
INFO: [ app_begin ] --START--
INFO: Run Behavior\ReadHtmlCacheBehavior [ RunTime:0.001000s ]
INFO: [ app_begin ] --END-- [ RunTime:0.001000s ]
SQL: SHOW COLUMNS FROM `blog_comment` [ RunTime:1.5171s ]
SQL: SHOW COLUMNS FROM `blog_like` [ RunTime:0.1580s ]
SQL: SHOW COLUMNS FROM `blog_article` [ RunTime:0.0790s ]
SQL: SHOW COLUMNS FROM `blog_article_pic` [ RunTime:0.1100s ]
SQL: SHOW COLUMNS FROM `blog_article` [ RunTime:0.0010s ]
SQL: SELECT a.aid,a.uid,a.title,a.click,a.ds,ui.nickname FROM blog_article a,blog_user_info ui WHERE ( a.uid=1 AND a.uid=ui.uid and a.is_delete = 0 ) ORDER BY time desc  [ RunTime:0.1030s ]
SQL: SHOW COLUMNS FROM `blog_article` [ RunTime:0.0010s ]
SQL: SELECT a.aid,a.uid,a.title,a.click,a.ds,ui.nickname FROM blog_article a,blog_user_info ui WHERE ( a.uid=ui.uid and a.is_delete = 0 ) ORDER BY click desc  [ RunTime:0.0010s ]
SQL: SELECT COUNT(cmtid) counts FROM `blog_comment` WHERE ( aid=43 )  [ RunTime:0.0030s ]
SQL: SELECT COUNT(aid) likes FROM `blog_like` WHERE ( aid=43 )  [ RunTime:0.0000s ]
SQL: SELECT `iname` FROM `blog_article_pic` WHERE ( aid=43 )  [ RunTime:0.0010s ]
SQL: SELECT COUNT(cmtid) counts FROM `blog_comment` WHERE ( aid=44 )  [ RunTime:0.0000s ]
SQL: SELECT COUNT(aid) likes FROM `blog_like` WHERE ( aid=44 )  [ RunTime:0.0010s ]
SQL: SELECT `iname` FROM `blog_article_pic` WHERE ( aid=44 )  [ RunTime:0.0000s ]
SQL: SELECT COUNT(cmtid) counts FROM `blog_comment` WHERE ( aid=50 )  [ RunTime:0.0000s ]
SQL: SELECT COUNT(aid) likes FROM `blog_like` WHERE ( aid=50 )  [ RunTime:0.0000s ]
SQL: SELECT `iname` FROM `blog_article_pic` WHERE ( aid=50 )  [ RunTime:0.0000s ]
SQL: SELECT COUNT(cmtid) counts FROM `blog_comment` WHERE ( aid=48 )  [ RunTime:0.0000s ]
SQL: SELECT COUNT(aid) likes FROM `blog_like` WHERE ( aid=48 )  [ RunTime:0.0000s ]
SQL: SELECT `iname` FROM `blog_article_pic` WHERE ( aid=48 )  [ RunTime:0.0000s ]
SQL: SELECT COUNT(cmtid) counts FROM `blog_comment` WHERE ( aid=47 )  [ RunTime:0.0000s ]
SQL: SELECT COUNT(aid) likes FROM `blog_like` WHERE ( aid=47 )  [ RunTime:0.0000s ]
SQL: SELECT `iname` FROM `blog_article_pic` WHERE ( aid=47 )  [ RunTime:0.0000s ]
SQL: SELECT COUNT(cmtid) counts FROM `blog_comment` WHERE ( aid=46 )  [ RunTime:0.0010s ]
SQL: SELECT COUNT(aid) likes FROM `blog_like` WHERE ( aid=46 )  [ RunTime:0.0000s ]
SQL: SELECT `iname` FROM `blog_article_pic` WHERE ( aid=46 )  [ RunTime:0.0010s ]
SQL: SELECT COUNT(cmtid) counts FROM `blog_comment` WHERE ( aid=45 )  [ RunTime:0.0010s ]
SQL: SELECT COUNT(aid) likes FROM `blog_like` WHERE ( aid=45 )  [ RunTime:0.0010s ]
SQL: SELECT `iname` FROM `blog_article_pic` WHERE ( aid=45 )  [ RunTime:0.0000s ]
SQL: SELECT COUNT(cmtid) counts FROM `blog_comment` WHERE ( aid=49 )  [ RunTime:0.0000s ]
SQL: SELECT COUNT(aid) likes FROM `blog_like` WHERE ( aid=49 )  [ RunTime:0.0010s ]
SQL: SELECT `iname` FROM `blog_article_pic` WHERE ( aid=49 )  [ RunTime:0.0000s ]
SQL: SHOW COLUMNS FROM `blog_article` [ RunTime:0.0010s ]
SQL: SELECT a.aid,a.uid,a.title,a.click,a.ds,ui.nickname FROM blog_article a,blog_user_info ui WHERE ( a.uid=ui.uid and a.is_delete = 0 ) ORDER BY time desc  [ RunTime:0.0000s ]
SQL: SELECT COUNT(cmtid) counts FROM `blog_comment` WHERE ( aid=50 )  [ RunTime:0.0010s ]
SQL: SELECT COUNT(aid) likes FROM `blog_like` WHERE ( aid=50 )  [ RunTime:0.0000s ]
SQL: SELECT `iname` FROM `blog_article_pic` WHERE ( aid=50 )  [ RunTime:0.0000s ]
SQL: SELECT COUNT(cmtid) counts FROM `blog_comment` WHERE ( aid=49 )  [ RunTime:0.0010s ]
SQL: SELECT COUNT(aid) likes FROM `blog_like` WHERE ( aid=49 )  [ RunTime:0.0000s ]
SQL: SELECT `iname` FROM `blog_article_pic` WHERE ( aid=49 )  [ RunTime:0.0000s ]
SQL: SELECT COUNT(cmtid) counts FROM `blog_comment` WHERE ( aid=48 )  [ RunTime:0.0010s ]
SQL: SELECT COUNT(aid) likes FROM `blog_like` WHERE ( aid=48 )  [ RunTime:0.0000s ]
SQL: SELECT `iname` FROM `blog_article_pic` WHERE ( aid=48 )  [ RunTime:0.0000s ]
SQL: SELECT COUNT(cmtid) counts FROM `blog_comment` WHERE ( aid=47 )  [ RunTime:0.0000s ]
SQL: SELECT COUNT(aid) likes FROM `blog_like` WHERE ( aid=47 )  [ RunTime:0.0000s ]
SQL: SELECT `iname` FROM `blog_article_pic` WHERE ( aid=47 )  [ RunTime:0.0000s ]
SQL: SELECT COUNT(cmtid) counts FROM `blog_comment` WHERE ( aid=46 )  [ RunTime:0.0000s ]
SQL: SELECT COUNT(aid) likes FROM `blog_like` WHERE ( aid=46 )  [ RunTime:0.0000s ]
SQL: SELECT `iname` FROM `blog_article_pic` WHERE ( aid=46 )  [ RunTime:0.0010s ]
SQL: SELECT COUNT(cmtid) counts FROM `blog_comment` WHERE ( aid=45 )  [ RunTime:0.0000s ]
SQL: SELECT COUNT(aid) likes FROM `blog_like` WHERE ( aid=45 )  [ RunTime:0.0000s ]
SQL: SELECT `iname` FROM `blog_article_pic` WHERE ( aid=45 )  [ RunTime:0.0010s ]
SQL: SELECT COUNT(cmtid) counts FROM `blog_comment` WHERE ( aid=44 )  [ RunTime:0.0000s ]
SQL: SELECT COUNT(aid) likes FROM `blog_like` WHERE ( aid=44 )  [ RunTime:0.0010s ]
SQL: SELECT `iname` FROM `blog_article_pic` WHERE ( aid=44 )  [ RunTime:0.0000s ]
SQL: SELECT COUNT(cmtid) counts FROM `blog_comment` WHERE ( aid=43 )  [ RunTime:0.0000s ]
SQL: SELECT COUNT(aid) likes FROM `blog_like` WHERE ( aid=43 )  [ RunTime:0.0000s ]
SQL: SELECT `iname` FROM `blog_article_pic` WHERE ( aid=43 )  [ RunTime:0.0000s ]
INFO: [ view_parse ] --START--
INFO: [ template_filter ] --START--
INFO: Run Behavior\ContentReplaceBehavior [ RunTime:0.000000s ]
INFO: [ template_filter ] --END-- [ RunTime:0.001000s ]
NOTIC: [8] Undefined index: home D:\wamp\www\blogs\Application\Runtime\Cache\Home\2a94b8bda04ff446dcedd42276fc99ee.php 第 39 行.
INFO: Run Behavior\ParseTemplateBehavior [ RunTime:0.239014s ]
INFO: [ view_parse ] --END-- [ RunTime:0.239014s ]
INFO: [ view_filter ] --START--
INFO: Run Behavior\WriteHtmlCacheBehavior [ RunTime:0.018001s ]
INFO: [ view_filter ] --END-- [ RunTime:0.018001s ]
INFO: [ app_end ] --START--
INFO: Run Behavior\ShowPageTraceBehavior [ RunTime:0.001000s ]
INFO: [ app_end ] --END-- [ RunTime:0.001000s ]

